<?xml version="1.0" encoding="UTF-8"?>
<!-- Generated by org.testng.reporters.JUnitXMLReporter -->
<testsuite ignored="1" hostname="DESKTOP-KVOUA9J" failures="0" tests="2" name="Default test" time="4.521" errors="0" timestamp="2023-10-10T23:47:40 IST">
  <testcase classname="Stanalone.HomePageTestCases" name="secondTest" time="3.882"/>
  <testcase classname="Stanalone.HomePageTestCases" name="secondTest" time="0.58"/>
  <testcase classname="Stanalone.HomePageTestCases" name="firstTest" time="0.0">
    <ignored/>
  </testcase> <!-- firstTest -->
</testsuite> <!-- Default test -->
