<?xml version="1.0" encoding="UTF-8"?>
<testng-results ignored="0" total="1" passed="1" failed="0" skipped="0">
  <reporter-output>
  </reporter-output>
  <suite started-at="2023-09-29T00:01:26 IST" name="Default suite" finished-at="2023-09-29T00:01:31 IST" duration-ms="4845">
    <groups>
    </groups>
    <test started-at="2023-09-29T00:01:26 IST" name="Default test" finished-at="2023-09-29T00:01:31 IST" duration-ms="4845">
      <class name="Stanalone.HomePageTestCases">
        <test-method signature="firstTest()[pri:0, instance:Stanalone.HomePageTestCases@2d36e77e]" started-at="2023-09-29T00:01:26 IST" name="firstTest" finished-at="2023-09-29T00:01:31 IST" duration-ms="4776" status="PASS">
          <reporter-output>
          </reporter-output>
        </test-method> <!-- firstTest -->
      </class> <!-- Stanalone.HomePageTestCases -->
    </test> <!-- Default test -->
  </suite> <!-- Default suite -->
</testng-results>
