<?xml version="1.0" encoding="UTF-8"?>
<testng-results ignored="1" total="3" passed="2" failed="0" skipped="0">
  <reporter-output>
  </reporter-output>
  <suite started-at="2023-10-10T23:47:36 IST" name="Default suite" finished-at="2023-10-10T23:47:40 IST" duration-ms="4521">
    <groups>
    </groups>
    <test started-at="2023-10-10T23:47:36 IST" name="Default test" finished-at="2023-10-10T23:47:40 IST" duration-ms="4521">
      <class name="Stanalone.HomePageTestCases">
        <test-method is-config="true" signature="setUp()[pri:0, instance:Stanalone.HomePageTestCases@3d51f06e]" started-at="2023-10-10T23:47:34 IST" name="setUp" finished-at="2023-10-10T23:47:36 IST" duration-ms="1850" status="PASS">
          <reporter-output>
          </reporter-output>
        </test-method> <!-- setUp -->
        <test-method signature="secondTest(java.lang.String)[pri:2, instance:Stanalone.HomePageTestCases@3d51f06e]" started-at="2023-10-10T23:47:36 IST" name="secondTest" data-provider="searcharea" finished-at="2023-10-10T23:47:40 IST" duration-ms="3882" status="PASS">
          <params>
            <param index="0">
              <value>
                <![CDATA[Tshirts]]>
              </value>
            </param>
          </params>
          <reporter-output>
          </reporter-output>
        </test-method> <!-- secondTest -->
        <test-method signature="secondTest(java.lang.String)[pri:2, instance:Stanalone.HomePageTestCases@3d51f06e]" started-at="2023-10-10T23:47:40 IST" name="secondTest" data-provider="searcharea" finished-at="2023-10-10T23:47:40 IST" duration-ms="580" status="PASS">
          <params>
            <param index="0">
              <value>
                <![CDATA[Shirts]]>
              </value>
            </param>
          </params>
          <reporter-output>
          </reporter-output>
        </test-method> <!-- secondTest -->
      </class> <!-- Stanalone.HomePageTestCases -->
    </test> <!-- Default test -->
  </suite> <!-- Default suite -->
</testng-results>
